  正在验证源
  正在将源远程复制到“192.168.106.133”
  正在验证体系结构
  正在验证体系结构
  正在启动远程生成
  正在编译源:
  webserver.cpp
F:\qEasyServer\qEasyServer\http.h(41,1): warning : ‘typedef’ was ignored in this declaration
F:\qEasyServer\qEasyServer\http.h(41,1): warning :  typedef struct requestInfo {
F:\qEasyServer\qEasyServer\http.h(41,1): warning :  ^~~~~~~
F:\qEasyServer\qEasyServer\webserver.cpp(70,28): warning : conversion to ‘uint16_t {aka short unsigned int}’ from ‘int’ may alter its value [-Wconversion]
F:\qEasyServer\qEasyServer\webserver.cpp(70,28): warning :   addr.sin_port = htons(port);
F:\qEasyServer\qEasyServer\webserver.cpp(70,28): warning :                             ^
F:\qEasyServer\qEasyServer\webserver.cpp(147,19): warning : conversion to ‘int’ from ‘ssize_t {aka long int}’ may alter its value [-Wconversion]
F:\qEasyServer\qEasyServer\webserver.cpp(147,19): warning :      int ret = recv(pipefd[0], signals, sizeof(signals), 0);
F:\qEasyServer\qEasyServer\webserver.cpp(147,19): warning :                ~~~~^~~~~~~~~~~~~~~~~~~~~~~~~~~~~~~~~~~~~~~~
F:\qEasyServer\qEasyServer\threadpool.h(64,25): warning : comparison between signed and unsigned integer expressions [-Wsign-compare]
F:\qEasyServer\qEasyServer\threadpool.h(64,25): warning :   if (m_workqueue.size() >= m_max_request)
  正在链接对象
  qEasyServer.vcxproj -> F:\qEasyServer\qEasyServer\bin\x64\Debug\qEasyServer.out
